\o Program:		@(#)$CDS: cdsLibEditor version 6.1.8 - CAT37 07/23/2021 16:51 (sjfdcl1033) $
\o Sub version:		sub-version  s203 
\o Arguments:		-mpssession virtuoso2244318 -mpshost linux-ssh-06.ews.illinois.edu 
\o Working Directory:	linux-ssh-06.ews.illinois.edu:/home/jjyun4/ECE482final
\o 64-bit offsets
\a nrSetWindowVisibility(cdsLibEditor "show")
\o Qt version: 		5.9.1
\a nrListItemAction(cdsLibEditor->mainTable 0 0)
\o Active cell: 0 0 ""
\o QUESTION (CLE-232): You must choose one edit format for your new file to continue editing.\n\nMost Cadence tools use only "cds.lib" for the library definition list.\nCadence "cds.lib" is the recommended edit format.\n\nYour edit format choice remains in effect until the new file is saved. 
\o QUESTION (CLE-233): Cadence Library Path Editor enables saving your edits in either format\nwhen using the "Save As" command. 
\a nrSetWindowVisibility(newEditFormatDialog "show")
\a nrSetCurrentWindow(newEditFormatDialog)
\a nrResizeWindow(cdsLibEditor list(878 500 500 400))
\a nrResizeWindow(newEditFormatDialog list(923 546 411 309))
\a newEditFormatDialog->okButton->value = t
\a nrSetCurrentWindow(cdsLibEditor)
\a nrResizeWindow(cdsLibEditor list(880 500 498 400))
\a nrResizeWindow(cdsLibEditor list(830 58 498 400))
\a nrListItemAction(cdsLibEditor->mainTable 0 1)
\o Active cell: 0 1 ""
\a cdsLibEditor->fileOpenButton->value = t
\a nrListItemRename(cdsLibEditor->mainTable, 0 1 "/home/")
\o QUESTION (CLE-205): You have made changes which have not been saved. \n\nWould you like to save your changes? 
\a nrSetWindowVisibility(needSaveDialog "show")
\a nrSetCurrentWindow(needSaveDialog)
\a nrResizeWindow(needSaveDialog list(885 150 369 136))
\a needSaveDialog->noButton->value = t
\o INFO (CLE-137): Open both files to edit the union of library definition lists used by Cadence tools. 
\o INFO (CLE-139): Most Cadence tools use only "cds.lib" for the library definition list.\n\nEditing "lib.defs" is optional for use with other programs.                                        
\a fileOpenGroupDialog->openLibDefsCheckBox->value = nil
\a fileOpenGroupDialog->openCdsLibText->value = "/software/cadence-2021-09/IC618/share/cdssetup/cds.lib"
\a fileOpenGroupDialog->openLibDefsText->value = "lib.defs"
\a fileOpenGroupDialog->openLibDefsText->value = ""
\a nrSetWindowVisibility(fileOpenGroupDialog "show")
\a nrSetCurrentWindow(fileOpenGroupDialog)
\a nrResizeWindow(fileOpenGroupDialog list(835 143 490 232))
\a fileOpenGroupDialog->cancelButton->value = t
\a nrSetCurrentWindow(cdsLibEditor)
\a cdsLibEditor->fileNewButton->value = t
\a nrListItemAction(cdsLibEditor->mainTable 0 0)
\o Active cell: 0 0 ""
\a nrSetCurrentWindow(newEditFormatDialog)
\a nrResizeWindow(newEditFormatDialog list(874 104 411 309))
\a nrSetCurrentWindow(cdsLibEditor)
\a cdsLibEditor->fileOpenButton->value = t
\a fileOpenGroupDialog->openLibDefsCheckBox->value = t
\a fileOpenGroupDialog->openLibDefsCheckBox->value = nil
\a fileOpenGroupDialog->openLibDefsText->value = "lib.defs"
\a fileOpenGroupDialog->openLibDefsText->value = ""
\a nrSetCurrentWindow(fileOpenGroupDialog)
\a fileOpenGroupDialog->okButton->value = t
\o WARNING (CLE-120): The file "/software/cadence-2021-09/IC618/share/cdssetup/cds.lib" is read only. 
\a nrSetWindowVisibility(errorDialog "show")
\a nrSetCurrentWindow(errorDialog)
\a nrResizeWindow(errorDialog list(828 156 482 124))
\a errorDialog->errorOkButton->value = t
\a nrSetCurrentWindow(cdsLibEditor)
\a nrListItemAction(cdsLibEditor->mainTable 6 0)
\o Active cell: 6 0 "rfTlineLib"
\a nrListItemAction(cdsLibEditor->mainTable 3 0)
\o Active cell: 3 0 "rfLib"
\a nrListItemAction(cdsLibEditor->mainTable 0 0)
\o Active cell: 0 0 "cdsDefTechLib"
\a nrListItemAction(cdsLibEditor->mainTable 8 0)
\o Active cell: 8 0 "functional"
\a exit(0)
