\o Program:		@(#)$CDS: libManager version 6.1.8 - CAT37 07/23/2021 16:48 (sjfdcl1033) $
\o Sub version:		sub-version  s203 
\o Arguments:		-unmapped -mpssession virtuoso1604308 -mpshost fastx3-25.ews.illinois.edu 
\o Working Directory:	fastx3-25.ews.illinois.edu:/home/cmyu3/ece482.work/ECE482final
\o 64-bit offsets
\o Qt version: 		5.9.1
\o changeWorkingDir("/home/cmyu3/ece482.work/ECE482final") unnecessary.
\o ddSetForcedLib("") unnecessary.
\o Log file is "/home/cmyu3/ece482.work/ECE482final/libManager.log".
\o Opening libManager window.
\a nrSetWindowVisibility(cdsLibManager "show")
\o MPS service: map window
\o Library Manager customization server connected.
\a nrSetCurrentWindow(cdsLibManager)
\a nrResizeWindow(cdsLibManager list(0 28 768 655))
\a cdsLibManager->libListBox->value = "US_8ths"
\a cdsLibManager->libLineEdit->value = "US_8ths"
\a nrSetWindowVisibility(cdsLibManager "hide")
\a _lmgrCloseIconify("cdsLibManager" 1)
\o MPS service: shutdown
\o libManager is exiting.
\a exit(0)
